{"/Users/artemaveranov/testing-jest-enzyme/src/Button/Button.js": {"path":"/Users/artemaveranov/testing-jest-enzyme/src/Button/Button.js","statementMap":{"0":{"start":{"line":5,"column":16},"end":{"line":8,"column":3}},"1":{"start":{"line":6,"column":24},"end":{"line":6,"column":34}},"2":{"start":{"line":7,"column":4},"end":{"line":7,"column":14}},"3":{"start":{"line":11,"column":4},"end":{"line":15,"column":6}},"4":{"start":{"line":19,"column":0},"end":{"line":22,"column":2}},"5":{"start":{"line":24,"column":0},"end":{"line":26,"column":2}}},"fnMap":{"0":{"name":"(anonymous_0)","decl":{"start":{"line":5,"column":16},"end":{"line":5,"column":17}},"loc":{"start":{"line":5,"column":22},"end":{"line":8,"column":3}},"line":5},"1":{"name":"(anonymous_1)","decl":{"start":{"line":10,"column":2},"end":{"line":10,"column":3}},"loc":{"start":{"line":10,"column":11},"end":{"line":16,"column":3}},"line":10}},"branchMap":{},"s":{"0":1,"1":1,"2":1,"3":1,"4":1,"5":1},"f":{"0":1,"1":1},"b":{},"_coverageSchema":"1a1c01bbd47fc00a2c39e90264f33305004495a9","hash":"0c43bc921ea7f6a817420fdf319035e95ae542cd"}
,"/Users/artemaveranov/testing-jest-enzyme/src/Counter/Counter.js": {"path":"/Users/artemaveranov/testing-jest-enzyme/src/Counter/Counter.js","statementMap":{"0":{"start":{"line":4,"column":10},"end":{"line":6,"column":3}},"1":{"start":{"line":8,"column":16},"end":{"line":12,"column":3}},"2":{"start":{"line":9,"column":4},"end":{"line":11,"column":8}},"3":{"start":{"line":9,"column":34},"end":{"line":11,"column":5}},"4":{"start":{"line":14,"column":16},"end":{"line":16,"column":3}},"5":{"start":{"line":15,"column":4},"end":{"line":15,"column":29}},"6":{"start":{"line":19,"column":4},"end":{"line":29,"column":6}},"7":{"start":{"line":25,"column":52},"end":{"line":25,"column":72}}},"fnMap":{"0":{"name":"(anonymous_0)","decl":{"start":{"line":8,"column":16},"end":{"line":8,"column":17}},"loc":{"start":{"line":8,"column":22},"end":{"line":12,"column":3}},"line":8},"1":{"name":"(anonymous_1)","decl":{"start":{"line":9,"column":18},"end":{"line":9,"column":19}},"loc":{"start":{"line":9,"column":34},"end":{"line":11,"column":5}},"line":9},"2":{"name":"(anonymous_2)","decl":{"start":{"line":14,"column":16},"end":{"line":14,"column":17}},"loc":{"start":{"line":14,"column":27},"end":{"line":16,"column":3}},"line":14},"3":{"name":"(anonymous_3)","decl":{"start":{"line":18,"column":2},"end":{"line":18,"column":3}},"loc":{"start":{"line":18,"column":11},"end":{"line":30,"column":3}},"line":18},"4":{"name":"(anonymous_4)","decl":{"start":{"line":25,"column":46},"end":{"line":25,"column":47}},"loc":{"start":{"line":25,"column":52},"end":{"line":25,"column":72}},"line":25}},"branchMap":{},"s":{"0":4,"1":4,"2":1,"3":1,"4":4,"5":2,"6":7,"7":1},"f":{"0":1,"1":1,"2":2,"3":7,"4":1},"b":{},"_coverageSchema":"1a1c01bbd47fc00a2c39e90264f33305004495a9","hash":"68a06972c3050abcfede734d0e0c57832fa34f03"}
,"/Users/artemaveranov/testing-jest-enzyme/src/Info/Info.js": {"path":"/Users/artemaveranov/testing-jest-enzyme/src/Info/Info.js","statementMap":{"0":{"start":{"line":4,"column":10},"end":{"line":7,"column":3}},"1":{"start":{"line":10,"column":4},"end":{"line":10,"column":29}},"2":{"start":{"line":11,"column":4},"end":{"line":11,"column":56}},"3":{"start":{"line":15,"column":4},"end":{"line":15,"column":29}},"4":{"start":{"line":19,"column":4},"end":{"line":19,"column":59}},"5":{"start":{"line":22,"column":22},"end":{"line":24,"column":3}},"6":{"start":{"line":23,"column":4},"end":{"line":23,"column":38}},"7":{"start":{"line":26,"column":16},"end":{"line":30,"column":3}},"8":{"start":{"line":27,"column":4},"end":{"line":29,"column":7}},"9":{"start":{"line":33,"column":4},"end":{"line":33,"column":39}}},"fnMap":{"0":{"name":"(anonymous_0)","decl":{"start":{"line":9,"column":2},"end":{"line":9,"column":3}},"loc":{"start":{"line":9,"column":22},"end":{"line":12,"column":3}},"line":9},"1":{"name":"(anonymous_1)","decl":{"start":{"line":14,"column":2},"end":{"line":14,"column":3}},"loc":{"start":{"line":14,"column":23},"end":{"line":16,"column":3}},"line":14},"2":{"name":"(anonymous_2)","decl":{"start":{"line":18,"column":2},"end":{"line":18,"column":3}},"loc":{"start":{"line":18,"column":25},"end":{"line":20,"column":3}},"line":18},"3":{"name":"(anonymous_3)","decl":{"start":{"line":22,"column":22},"end":{"line":22,"column":23}},"loc":{"start":{"line":22,"column":28},"end":{"line":24,"column":3}},"line":22},"4":{"name":"(anonymous_4)","decl":{"start":{"line":26,"column":16},"end":{"line":26,"column":17}},"loc":{"start":{"line":26,"column":22},"end":{"line":30,"column":3}},"line":26},"5":{"name":"(anonymous_5)","decl":{"start":{"line":32,"column":2},"end":{"line":32,"column":3}},"loc":{"start":{"line":32,"column":11},"end":{"line":34,"column":3}},"line":32}},"branchMap":{},"s":{"0":10,"1":10,"2":10,"3":10,"4":2,"5":10,"6":18,"7":10,"8":8,"9":19},"f":{"0":10,"1":10,"2":2,"3":18,"4":8,"5":19},"b":{},"_coverageSchema":"1a1c01bbd47fc00a2c39e90264f33305004495a9","hash":"92d616a29cdeeee31b9c22087693c0f8d94d6bfa"}
,"/Users/artemaveranov/testing-jest-enzyme/src/Input/Input.js": {"path":"/Users/artemaveranov/testing-jest-enzyme/src/Input/Input.js","statementMap":{"0":{"start":{"line":4,"column":14},"end":{"line":15,"column":1}},"1":{"start":{"line":5,"column":2},"end":{"line":14,"column":8}},"2":{"start":{"line":17,"column":0},"end":{"line":21,"column":2}},"3":{"start":{"line":23,"column":0},"end":{"line":27,"column":2}}},"fnMap":{"0":{"name":"(anonymous_0)","decl":{"start":{"line":4,"column":14},"end":{"line":4,"column":15}},"loc":{"start":{"line":5,"column":2},"end":{"line":14,"column":8}},"line":5},"1":{"name":"(anonymous_1)","decl":{"start":{"line":24,"column":12},"end":{"line":24,"column":13}},"loc":{"start":{"line":24,"column":18},"end":{"line":24,"column":20}},"line":24},"2":{"name":"(anonymous_2)","decl":{"start":{"line":25,"column":14},"end":{"line":25,"column":15}},"loc":{"start":{"line":25,"column":20},"end":{"line":25,"column":22}},"line":25}},"branchMap":{},"s":{"0":2,"1":2,"2":2,"3":2},"f":{"0":2,"1":1,"2":1},"b":{},"_coverageSchema":"1a1c01bbd47fc00a2c39e90264f33305004495a9","hash":"60734210f99320fc5bb67a37cdb03ff455521c1b"}
,"/Users/artemaveranov/testing-jest-enzyme/src/Pagination/Pagination.js": {"path":"/Users/artemaveranov/testing-jest-enzyme/src/Pagination/Pagination.js","statementMap":{"0":{"start":{"line":6,"column":29},"end":{"line":40,"column":1}},"1":{"start":{"line":7,"column":20},"end":{"line":7,"column":46}},"2":{"start":{"line":8,"column":18},"end":{"line":8,"column":44}},"3":{"start":{"line":9,"column":20},"end":{"line":9,"column":27}},"4":{"start":{"line":10,"column":19},"end":{"line":10,"column":61}},"5":{"start":{"line":12,"column":16},"end":{"line":12,"column":18}},"6":{"start":{"line":14,"column":2},"end":{"line":24,"column":3}},"7":{"start":{"line":15,"column":4},"end":{"line":15,"column":56}},"8":{"start":{"line":16,"column":9},"end":{"line":24,"column":3}},"9":{"start":{"line":17,"column":4},"end":{"line":17,"column":54}},"10":{"start":{"line":18,"column":9},"end":{"line":24,"column":3}},"11":{"start":{"line":19,"column":4},"end":{"line":19,"column":40}},"12":{"start":{"line":20,"column":9},"end":{"line":24,"column":3}},"13":{"start":{"line":21,"column":4},"end":{"line":21,"column":17}},"14":{"start":{"line":23,"column":4},"end":{"line":23,"column":42}},"15":{"start":{"line":26,"column":2},"end":{"line":39,"column":5}},"16":{"start":{"line":27,"column":4},"end":{"line":38,"column":6}},"17":{"start":{"line":42,"column":19},"end":{"line":56,"column":1}},"18":{"start":{"line":43,"column":2},"end":{"line":55,"column":8}},"19":{"start":{"line":58,"column":0},"end":{"line":62,"column":2}},"20":{"start":{"line":64,"column":0},"end":{"line":68,"column":2}}},"fnMap":{"0":{"name":"(anonymous_0)","decl":{"start":{"line":6,"column":29},"end":{"line":6,"column":30}},"loc":{"start":{"line":6,"column":58},"end":{"line":40,"column":1}},"line":6},"1":{"name":"(anonymous_1)","decl":{"start":{"line":26,"column":21},"end":{"line":26,"column":22}},"loc":{"start":{"line":26,"column":30},"end":{"line":39,"column":3}},"line":26},"2":{"name":"(anonymous_2)","decl":{"start":{"line":42,"column":19},"end":{"line":42,"column":20}},"loc":{"start":{"line":43,"column":2},"end":{"line":55,"column":8}},"line":43},"3":{"name":"(anonymous_3)","decl":{"start":{"line":65,"column":11},"end":{"line":65,"column":12}},"loc":{"start":{"line":65,"column":17},"end":{"line":65,"column":19}},"line":65}},"branchMap":{"0":{"loc":{"start":{"line":14,"column":2},"end":{"line":24,"column":3}},"type":"if","locations":[{"start":{"line":14,"column":2},"end":{"line":24,"column":3}},{"start":{"line":14,"column":2},"end":{"line":24,"column":3}}],"line":14},"1":{"loc":{"start":{"line":16,"column":9},"end":{"line":24,"column":3}},"type":"if","locations":[{"start":{"line":16,"column":9},"end":{"line":24,"column":3}},{"start":{"line":16,"column":9},"end":{"line":24,"column":3}}],"line":16},"2":{"loc":{"start":{"line":18,"column":9},"end":{"line":24,"column":3}},"type":"if","locations":[{"start":{"line":18,"column":9},"end":{"line":24,"column":3}},{"start":{"line":18,"column":9},"end":{"line":24,"column":3}}],"line":18},"3":{"loc":{"start":{"line":20,"column":9},"end":{"line":24,"column":3}},"type":"if","locations":[{"start":{"line":20,"column":9},"end":{"line":24,"column":3}},{"start":{"line":20,"column":9},"end":{"line":24,"column":3}}],"line":20},"4":{"loc":{"start":{"line":20,"column":13},"end":{"line":20,"column":41}},"type":"binary-expr","locations":[{"start":{"line":20,"column":13},"end":{"line":20,"column":23}},{"start":{"line":20,"column":27},"end":{"line":20,"column":41}}],"line":20},"5":{"loc":{"start":{"line":27,"column":11},"end":{"line":38,"column":5}},"type":"cond-expr","locations":[{"start":{"line":28,"column":6},"end":{"line":28,"column":9}},{"start":{"line":30,"column":6},"end":{"line":37,"column":15}}],"line":27},"6":{"loc":{"start":{"line":34,"column":19},"end":{"line":34,"column":47}},"type":"cond-expr","locations":[{"start":{"line":34,"column":34},"end":{"line":34,"column":42}},{"start":{"line":34,"column":45},"end":{"line":34,"column":47}}],"line":34},"7":{"loc":{"start":{"line":44,"column":5},"end":{"line":48,"column":5}},"type":"binary-expr","locations":[{"start":{"line":44,"column":5},"end":{"line":44,"column":15}},{"start":{"line":45,"column":6},"end":{"line":47,"column":15}}],"line":44},"8":{"loc":{"start":{"line":50,"column":5},"end":{"line":54,"column":5}},"type":"binary-expr","locations":[{"start":{"line":50,"column":5},"end":{"line":50,"column":22}},{"start":{"line":51,"column":6},"end":{"line":53,"column":15}}],"line":50}},"s":{"0":2,"1":15,"2":15,"3":15,"4":15,"5":15,"6":15,"7":9,"8":6,"9":0,"10":6,"11":0,"12":6,"13":6,"14":0,"15":15,"16":63,"17":2,"18":15,"19":2,"20":2},"f":{"0":15,"1":63,"2":15,"3":1},"b":{"0":[9,6],"1":[0,6],"2":[0,6],"3":[6,0],"4":[6,6],"5":[9,54],"6":[9,45],"7":[15,0],"8":[15,9]},"_coverageSchema":"1a1c01bbd47fc00a2c39e90264f33305004495a9","hash":"0c4e5e0e4848eab5851a7a98d98736f53a7df1d3"}
,"/Users/artemaveranov/testing-jest-enzyme/src/Post/Post.js": {"path":"/Users/artemaveranov/testing-jest-enzyme/src/Post/Post.js","statementMap":{"0":{"start":{"line":5,"column":13},"end":{"line":19,"column":1}},"1":{"start":{"line":6,"column":2},"end":{"line":18,"column":7}},"2":{"start":{"line":21,"column":0},"end":{"line":28,"column":2}},"3":{"start":{"line":30,"column":0},"end":{"line":37,"column":2}}},"fnMap":{"0":{"name":"(anonymous_0)","decl":{"start":{"line":5,"column":13},"end":{"line":5,"column":14}},"loc":{"start":{"line":6,"column":2},"end":{"line":18,"column":7}},"line":6}},"branchMap":{"0":{"loc":{"start":{"line":14,"column":9},"end":{"line":14,"column":75}},"type":"cond-expr","locations":[{"start":{"line":14,"column":22},"end":{"line":14,"column":63}},{"start":{"line":14,"column":66},"end":{"line":14,"column":75}}],"line":14}},"s":{"0":2,"1":4,"2":2,"3":2},"f":{"0":4},"b":{"0":[1,3]},"_coverageSchema":"1a1c01bbd47fc00a2c39e90264f33305004495a9","hash":"bef04f0179dc17c862538f3fd51b09b1024b2308"}
,"/Users/artemaveranov/testing-jest-enzyme/src/Posts/Posts.js": {"path":"/Users/artemaveranov/testing-jest-enzyme/src/Posts/Posts.js","statementMap":{"0":{"start":{"line":21,"column":10},"end":{"line":26,"column":3}},"1":{"start":{"line":29,"column":47},"end":{"line":29,"column":57}},"2":{"start":{"line":30,"column":4},"end":{"line":30,"column":51}},"3":{"start":{"line":33,"column":14},"end":{"line":39,"column":3}},"4":{"start":{"line":34,"column":4},"end":{"line":38,"column":45}},"5":{"start":{"line":37,"column":21},"end":{"line":37,"column":31}},"6":{"start":{"line":38,"column":24},"end":{"line":38,"column":44}},"7":{"start":{"line":41,"column":22},"end":{"line":45,"column":3}},"8":{"start":{"line":42,"column":4},"end":{"line":44,"column":7}},"9":{"start":{"line":47,"column":21},"end":{"line":59,"column":3}},"10":{"start":{"line":48,"column":28},"end":{"line":48,"column":38}},"11":{"start":{"line":50,"column":4},"end":{"line":58,"column":6}},"12":{"start":{"line":56,"column":8},"end":{"line":56,"column":63}},"13":{"start":{"line":61,"column":14},"end":{"line":69,"column":3}},"14":{"start":{"line":62,"column":4},"end":{"line":68,"column":5}},"15":{"start":{"line":63,"column":43},"end":{"line":63,"column":53}},"16":{"start":{"line":64,"column":6},"end":{"line":66,"column":9}},"17":{"start":{"line":67,"column":6},"end":{"line":67,"column":50}},"18":{"start":{"line":71,"column":12},"end":{"line":73,"column":3}},"19":{"start":{"line":72,"column":4},"end":{"line":72,"column":30}},"20":{"start":{"line":75,"column":21},"end":{"line":89,"column":3}},"21":{"start":{"line":76,"column":20},"end":{"line":76,"column":52}},"22":{"start":{"line":77,"column":19},"end":{"line":77,"column":29}},"23":{"start":{"line":79,"column":4},"end":{"line":88,"column":5}},"24":{"start":{"line":80,"column":6},"end":{"line":80,"column":32}},"25":{"start":{"line":82,"column":6},"end":{"line":84,"column":7}},"26":{"start":{"line":83,"column":8},"end":{"line":83,"column":34}},"27":{"start":{"line":85,"column":6},"end":{"line":87,"column":7}},"28":{"start":{"line":86,"column":8},"end":{"line":86,"column":34}},"29":{"start":{"line":91,"column":15},"end":{"line":101,"column":3}},"30":{"start":{"line":92,"column":41},"end":{"line":92,"column":51}},"31":{"start":{"line":93,"column":4},"end":{"line":100,"column":6}},"32":{"start":{"line":98,"column":8},"end":{"line":98,"column":55}},"33":{"start":{"line":104,"column":49},"end":{"line":104,"column":59}},"34":{"start":{"line":105,"column":41},"end":{"line":105,"column":47}},"35":{"start":{"line":107,"column":4},"end":{"line":151,"column":6}},"36":{"start":{"line":138,"column":14},"end":{"line":146,"column":16}}},"fnMap":{"0":{"name":"(anonymous_0)","decl":{"start":{"line":28,"column":2},"end":{"line":28,"column":3}},"loc":{"start":{"line":28,"column":22},"end":{"line":31,"column":3}},"line":28},"1":{"name":"(anonymous_1)","decl":{"start":{"line":33,"column":14},"end":{"line":33,"column":15}},"loc":{"start":{"line":33,"column":50},"end":{"line":39,"column":3}},"line":33},"2":{"name":"(anonymous_2)","decl":{"start":{"line":37,"column":12},"end":{"line":37,"column":13}},"loc":{"start":{"line":37,"column":21},"end":{"line":37,"column":31}},"line":37},"3":{"name":"(anonymous_3)","decl":{"start":{"line":38,"column":12},"end":{"line":38,"column":13}},"loc":{"start":{"line":38,"column":24},"end":{"line":38,"column":44}},"line":38},"4":{"name":"(anonymous_4)","decl":{"start":{"line":41,"column":22},"end":{"line":41,"column":23}},"loc":{"start":{"line":41,"column":49},"end":{"line":45,"column":3}},"line":41},"5":{"name":"(anonymous_5)","decl":{"start":{"line":47,"column":21},"end":{"line":47,"column":22}},"loc":{"start":{"line":47,"column":48},"end":{"line":59,"column":3}},"line":47},"6":{"name":"(anonymous_6)","decl":{"start":{"line":55,"column":6},"end":{"line":55,"column":7}},"loc":{"start":{"line":55,"column":12},"end":{"line":57,"column":7}},"line":55},"7":{"name":"(anonymous_7)","decl":{"start":{"line":61,"column":14},"end":{"line":61,"column":15}},"loc":{"start":{"line":61,"column":27},"end":{"line":69,"column":3}},"line":61},"8":{"name":"(anonymous_8)","decl":{"start":{"line":71,"column":12},"end":{"line":71,"column":13}},"loc":{"start":{"line":71,"column":24},"end":{"line":73,"column":3}},"line":71},"9":{"name":"(anonymous_9)","decl":{"start":{"line":75,"column":21},"end":{"line":75,"column":22}},"loc":{"start":{"line":75,"column":37},"end":{"line":89,"column":3}},"line":75},"10":{"name":"(anonymous_10)","decl":{"start":{"line":91,"column":15},"end":{"line":91,"column":16}},"loc":{"start":{"line":91,"column":25},"end":{"line":101,"column":3}},"line":91},"11":{"name":"(anonymous_11)","decl":{"start":{"line":97,"column":6},"end":{"line":97,"column":7}},"loc":{"start":{"line":97,"column":12},"end":{"line":99,"column":7}},"line":97},"12":{"name":"(anonymous_12)","decl":{"start":{"line":103,"column":2},"end":{"line":103,"column":3}},"loc":{"start":{"line":103,"column":11},"end":{"line":152,"column":3}},"line":103},"13":{"name":"(anonymous_13)","decl":{"start":{"line":129,"column":12},"end":{"line":129,"column":13}},"loc":{"start":{"line":138,"column":14},"end":{"line":146,"column":16}},"line":138}},"branchMap":{"0":{"loc":{"start":{"line":62,"column":4},"end":{"line":68,"column":5}},"type":"if","locations":[{"start":{"line":62,"column":4},"end":{"line":68,"column":5}},{"start":{"line":62,"column":4},"end":{"line":68,"column":5}}],"line":62},"1":{"loc":{"start":{"line":79,"column":4},"end":{"line":88,"column":5}},"type":"if","locations":[{"start":{"line":79,"column":4},"end":{"line":88,"column":5}},{"start":{"line":79,"column":4},"end":{"line":88,"column":5}}],"line":79},"2":{"loc":{"start":{"line":82,"column":6},"end":{"line":84,"column":7}},"type":"if","locations":[{"start":{"line":82,"column":6},"end":{"line":84,"column":7}},{"start":{"line":82,"column":6},"end":{"line":84,"column":7}}],"line":82},"3":{"loc":{"start":{"line":85,"column":6},"end":{"line":87,"column":7}},"type":"if","locations":[{"start":{"line":85,"column":6},"end":{"line":87,"column":7}},{"start":{"line":85,"column":6},"end":{"line":87,"column":7}}],"line":85},"4":{"loc":{"start":{"line":105,"column":12},"end":{"line":105,"column":21}},"type":"default-arg","locations":[{"start":{"line":105,"column":19},"end":{"line":105,"column":21}}],"line":105},"5":{"loc":{"start":{"line":115,"column":9},"end":{"line":121,"column":9}},"type":"binary-expr","locations":[{"start":{"line":115,"column":9},"end":{"line":115,"column":24}},{"start":{"line":116,"column":10},"end":{"line":120,"column":12}}],"line":115}},"s":{"0":11,"1":11,"2":11,"3":11,"4":15,"5":15,"6":15,"7":11,"8":1,"9":11,"10":1,"11":1,"12":1,"13":11,"14":2,"15":1,"16":1,"17":1,"18":11,"19":15,"20":11,"21":3,"22":3,"23":3,"24":1,"25":2,"26":1,"27":2,"28":1,"29":11,"30":1,"31":1,"32":1,"33":35,"34":35,"35":35,"36":48},"f":{"0":11,"1":15,"2":15,"3":15,"4":1,"5":1,"6":1,"7":2,"8":15,"9":3,"10":1,"11":1,"12":35,"13":48},"b":{"0":[1,1],"1":[1,2],"2":[1,1],"3":[1,1],"4":[11],"5":[35,24]},"_coverageSchema":"1a1c01bbd47fc00a2c39e90264f33305004495a9","hash":"8257e0bf03dcaeaab65ac9033a8bac6ced102237"}
,"/Users/artemaveranov/testing-jest-enzyme/src/Posts/constants.js": {"path":"/Users/artemaveranov/testing-jest-enzyme/src/Posts/constants.js","statementMap":{"0":{"start":{"line":1,"column":20},"end":{"line":20,"column":1}},"1":{"start":{"line":22,"column":20},"end":{"line":39,"column":1}},"2":{"start":{"line":41,"column":25},"end":{"line":41,"column":56}},"3":{"start":{"line":42,"column":27},"end":{"line":42,"column":36}},"4":{"start":{"line":43,"column":28},"end":{"line":43,"column":36}},"5":{"start":{"line":44,"column":25},"end":{"line":44,"column":39}},"6":{"start":{"line":45,"column":26},"end":{"line":45,"column":33}}},"fnMap":{},"branchMap":{},"s":{"0":1,"1":1,"2":1,"3":1,"4":1,"5":1,"6":1},"f":{},"b":{},"_coverageSchema":"1a1c01bbd47fc00a2c39e90264f33305004495a9","hash":"03f2ebf76a13e068e9705d08c9f8ea711dd38d81"}
,"/Users/artemaveranov/testing-jest-enzyme/src/Select/Select.js": {"path":"/Users/artemaveranov/testing-jest-enzyme/src/Select/Select.js","statementMap":{"0":{"start":{"line":5,"column":14},"end":{"line":22,"column":1}},"1":{"start":{"line":6,"column":2},"end":{"line":21,"column":8}},"2":{"start":{"line":11,"column":12},"end":{"line":13,"column":21}},"3":{"start":{"line":24,"column":0},"end":{"line":28,"column":2}},"4":{"start":{"line":30,"column":0},"end":{"line":34,"column":2}},"5":{"start":{"line":31,"column":22},"end":{"line":31,"column":30}}},"fnMap":{"0":{"name":"(anonymous_0)","decl":{"start":{"line":5,"column":14},"end":{"line":5,"column":15}},"loc":{"start":{"line":6,"column":2},"end":{"line":21,"column":8}},"line":6},"1":{"name":"(anonymous_1)","decl":{"start":{"line":10,"column":23},"end":{"line":10,"column":24}},"loc":{"start":{"line":11,"column":12},"end":{"line":13,"column":21}},"line":11},"2":{"name":"(anonymous_2)","decl":{"start":{"line":31,"column":16},"end":{"line":31,"column":17}},"loc":{"start":{"line":31,"column":22},"end":{"line":31,"column":30}},"line":31}},"branchMap":{"0":{"loc":{"start":{"line":7,"column":5},"end":{"line":20,"column":5}},"type":"cond-expr","locations":[{"start":{"line":8,"column":6},"end":{"line":17,"column":9}},{"start":{"line":19,"column":6},"end":{"line":19,"column":58}}],"line":7}},"s":{"0":2,"1":2,"2":2,"3":2,"4":2,"5":1},"f":{"0":2,"1":2,"2":1},"b":{"0":[1,1]},"_coverageSchema":"1a1c01bbd47fc00a2c39e90264f33305004495a9","hash":"5d15b1af1c493844011d621f8bcbbf1815c7fab4"}
,"/Users/artemaveranov/testing-jest-enzyme/src/Title/Title.js": {"path":"/Users/artemaveranov/testing-jest-enzyme/src/Title/Title.js","statementMap":{"0":{"start":{"line":4,"column":14},"end":{"line":4,"column":63}},"1":{"start":{"line":4,"column":29},"end":{"line":4,"column":63}},"2":{"start":{"line":6,"column":0},"end":{"line":8,"column":2}},"3":{"start":{"line":10,"column":0},"end":{"line":12,"column":2}}},"fnMap":{"0":{"name":"(anonymous_0)","decl":{"start":{"line":4,"column":14},"end":{"line":4,"column":15}},"loc":{"start":{"line":4,"column":29},"end":{"line":4,"column":63}},"line":4}},"branchMap":{},"s":{"0":2,"1":2,"2":2,"3":2},"f":{"0":2},"b":{},"_coverageSchema":"1a1c01bbd47fc00a2c39e90264f33305004495a9","hash":"7b58ecc235364fdfca373ec00b047f89cc086814"}
,"/Users/artemaveranov/testing-jest-enzyme/src/utils/utils.js": {"path":"/Users/artemaveranov/testing-jest-enzyme/src/utils/utils.js","statementMap":{"0":{"start":{"line":1,"column":26},"end":{"line":4,"column":19}},"1":{"start":{"line":2,"column":2},"end":{"line":4,"column":19}},"2":{"start":{"line":6,"column":32},"end":{"line":6,"column":79}},"3":{"start":{"line":6,"column":44},"end":{"line":6,"column":79}},"4":{"start":{"line":8,"column":38},"end":{"line":12,"column":1}},"5":{"start":{"line":9,"column":14},"end":{"line":9,"column":24}},"6":{"start":{"line":10,"column":2},"end":{"line":10,"column":19}},"7":{"start":{"line":11,"column":2},"end":{"line":11,"column":13}}},"fnMap":{"0":{"name":"(anonymous_0)","decl":{"start":{"line":1,"column":26},"end":{"line":1,"column":27}},"loc":{"start":{"line":2,"column":2},"end":{"line":4,"column":19}},"line":2},"1":{"name":"(anonymous_1)","decl":{"start":{"line":6,"column":32},"end":{"line":6,"column":33}},"loc":{"start":{"line":6,"column":44},"end":{"line":6,"column":79}},"line":6},"2":{"name":"(anonymous_2)","decl":{"start":{"line":8,"column":38},"end":{"line":8,"column":39}},"loc":{"start":{"line":8,"column":53},"end":{"line":12,"column":1}},"line":8}},"branchMap":{"0":{"loc":{"start":{"line":2,"column":2},"end":{"line":4,"column":19}},"type":"cond-expr","locations":[{"start":{"line":3,"column":6},"end":{"line":3,"column":47}},{"start":{"line":4,"column":6},"end":{"line":4,"column":19}}],"line":2},"1":{"loc":{"start":{"line":2,"column":2},"end":{"line":2,"column":44}},"type":"binary-expr","locations":[{"start":{"line":2,"column":2},"end":{"line":2,"column":8}},{"start":{"line":2,"column":12},"end":{"line":2,"column":44}}],"line":2}},"s":{"0":1,"1":5,"2":1,"3":24,"4":1,"5":2,"6":2,"7":2},"f":{"0":5,"1":24,"2":2},"b":{"0":[2,3],"1":[5,5]},"_coverageSchema":"1a1c01bbd47fc00a2c39e90264f33305004495a9","hash":"3a280ad0f891cd1bf855aeefbce76a558954588d"}
}
