TN:
SF:src/Button/Button.js
FN:5,(anonymous_0)
FN:10,(anonymous_1)
FNF:2
FNH:2
FNDA:1,(anonymous_0)
FNDA:1,(anonymous_1)
DA:5,1
DA:6,1
DA:7,1
DA:11,1
DA:19,1
DA:24,1
LF:6
LH:6
BRF:0
BRH:0
end_of_record
TN:
SF:src/Counter/Counter.js
FN:8,(anonymous_0)
FN:9,(anonymous_1)
FN:14,(anonymous_2)
FN:18,(anonymous_3)
FN:25,(anonymous_4)
FNF:5
FNH:5
FNDA:1,(anonymous_0)
FNDA:1,(anonymous_1)
FNDA:2,(anonymous_2)
FNDA:7,(anonymous_3)
FNDA:1,(anonymous_4)
DA:4,4
DA:8,4
DA:9,1
DA:14,4
DA:15,2
DA:19,7
DA:25,1
LF:7
LH:7
BRF:0
BRH:0
end_of_record
TN:
SF:src/Info/Info.js
FN:9,(anonymous_0)
FN:14,(anonymous_1)
FN:18,(anonymous_2)
FN:22,(anonymous_3)
FN:26,(anonymous_4)
FN:32,(anonymous_5)
FNF:6
FNH:6
FNDA:10,(anonymous_0)
FNDA:10,(anonymous_1)
FNDA:2,(anonymous_2)
FNDA:18,(anonymous_3)
FNDA:8,(anonymous_4)
FNDA:19,(anonymous_5)
DA:4,10
DA:10,10
DA:11,10
DA:15,10
DA:19,2
DA:22,10
DA:23,18
DA:26,10
DA:27,8
DA:33,19
LF:10
LH:10
BRF:0
BRH:0
end_of_record
TN:
SF:src/Input/Input.js
FN:4,(anonymous_0)
FN:24,(anonymous_1)
FN:25,(anonymous_2)
FNF:3
FNH:3
FNDA:2,(anonymous_0)
FNDA:1,(anonymous_1)
FNDA:1,(anonymous_2)
DA:4,2
DA:5,2
DA:17,2
DA:23,2
LF:4
LH:4
BRF:0
BRH:0
end_of_record
TN:
SF:src/Pagination/Pagination.js
FN:6,(anonymous_0)
FN:26,(anonymous_1)
FN:42,(anonymous_2)
FN:65,(anonymous_3)
FNF:4
FNH:4
FNDA:15,(anonymous_0)
FNDA:63,(anonymous_1)
FNDA:15,(anonymous_2)
FNDA:1,(anonymous_3)
DA:6,2
DA:7,15
DA:8,15
DA:9,15
DA:10,15
DA:12,15
DA:14,15
DA:15,9
DA:16,6
DA:17,0
DA:18,6
DA:19,0
DA:20,6
DA:21,6
DA:23,0
DA:26,15
DA:27,63
DA:42,2
DA:43,15
DA:58,2
DA:64,2
LF:21
LH:18
BRDA:14,0,0,9
BRDA:14,0,1,6
BRDA:16,1,0,0
BRDA:16,1,1,6
BRDA:18,2,0,0
BRDA:18,2,1,6
BRDA:20,3,0,6
BRDA:20,3,1,0
BRDA:20,4,0,6
BRDA:20,4,1,6
BRDA:27,5,0,9
BRDA:27,5,1,54
BRDA:34,6,0,9
BRDA:34,6,1,45
BRDA:44,7,0,15
BRDA:44,7,1,0
BRDA:50,8,0,15
BRDA:50,8,1,9
BRF:18
BRH:14
end_of_record
TN:
SF:src/Post/Post.js
FN:5,(anonymous_0)
FNF:1
FNH:1
FNDA:4,(anonymous_0)
DA:5,2
DA:6,4
DA:21,2
DA:30,2
LF:4
LH:4
BRDA:14,0,0,1
BRDA:14,0,1,3
BRF:2
BRH:2
end_of_record
TN:
SF:src/Posts/Posts.js
FN:28,(anonymous_0)
FN:33,(anonymous_1)
FN:37,(anonymous_2)
FN:38,(anonymous_3)
FN:41,(anonymous_4)
FN:47,(anonymous_5)
FN:55,(anonymous_6)
FN:61,(anonymous_7)
FN:71,(anonymous_8)
FN:75,(anonymous_9)
FN:91,(anonymous_10)
FN:97,(anonymous_11)
FN:103,(anonymous_12)
FN:129,(anonymous_13)
FNF:14
FNH:14
FNDA:11,(anonymous_0)
FNDA:15,(anonymous_1)
FNDA:15,(anonymous_2)
FNDA:15,(anonymous_3)
FNDA:1,(anonymous_4)
FNDA:1,(anonymous_5)
FNDA:1,(anonymous_6)
FNDA:2,(anonymous_7)
FNDA:15,(anonymous_8)
FNDA:3,(anonymous_9)
FNDA:1,(anonymous_10)
FNDA:1,(anonymous_11)
FNDA:35,(anonymous_12)
FNDA:48,(anonymous_13)
DA:21,11
DA:29,11
DA:30,11
DA:33,11
DA:34,15
DA:37,15
DA:38,15
DA:41,11
DA:42,1
DA:47,11
DA:48,1
DA:50,1
DA:56,1
DA:61,11
DA:62,2
DA:63,1
DA:64,1
DA:67,1
DA:71,11
DA:72,15
DA:75,11
DA:76,3
DA:77,3
DA:79,3
DA:80,1
DA:82,2
DA:83,1
DA:85,2
DA:86,1
DA:91,11
DA:92,1
DA:93,1
DA:98,1
DA:104,35
DA:105,35
DA:107,35
DA:138,48
LF:37
LH:37
BRDA:62,0,0,1
BRDA:62,0,1,1
BRDA:79,1,0,1
BRDA:79,1,1,2
BRDA:82,2,0,1
BRDA:82,2,1,1
BRDA:85,3,0,1
BRDA:85,3,1,1
BRDA:105,4,0,11
BRDA:115,5,0,35
BRDA:115,5,1,24
BRF:11
BRH:11
end_of_record
TN:
SF:src/Posts/constants.js
FNF:0
FNH:0
DA:1,1
DA:22,1
DA:41,1
DA:42,1
DA:43,1
DA:44,1
DA:45,1
LF:7
LH:7
BRF:0
BRH:0
end_of_record
TN:
SF:src/Select/Select.js
FN:5,(anonymous_0)
FN:10,(anonymous_1)
FN:31,(anonymous_2)
FNF:3
FNH:3
FNDA:2,(anonymous_0)
FNDA:2,(anonymous_1)
FNDA:1,(anonymous_2)
DA:5,2
DA:6,2
DA:11,2
DA:24,2
DA:30,2
DA:31,1
LF:6
LH:6
BRDA:7,0,0,1
BRDA:7,0,1,1
BRF:2
BRH:2
end_of_record
TN:
SF:src/Title/Title.js
FN:4,(anonymous_0)
FNF:1
FNH:1
FNDA:2,(anonymous_0)
DA:4,2
DA:6,2
DA:10,2
LF:3
LH:3
BRF:0
BRH:0
end_of_record
TN:
SF:src/utils/utils.js
FN:1,(anonymous_0)
FN:6,(anonymous_1)
FN:8,(anonymous_2)
FNF:3
FNH:3
FNDA:5,(anonymous_0)
FNDA:24,(anonymous_1)
FNDA:2,(anonymous_2)
DA:1,1
DA:2,5
DA:6,24
DA:8,1
DA:9,2
DA:10,2
DA:11,2
LF:7
LH:7
BRDA:2,0,0,2
BRDA:2,0,1,3
BRDA:2,1,0,5
BRDA:2,1,1,5
BRF:4
BRH:4
end_of_record
